<?xml version="1.0" encoding="UTF-8"?>
<!-- Generated by org.testng.reporters.JUnitReportReporter -->
<testsuite hostname="Vishus__Lappy" failures="0" tests="4" name="test.LoginTest" time="5.021" errors="0" timestamp="2023-02-10T07:57:11 IST" skipped="0">
  <testcase classname="test.LoginTest" name="verifyBuildTitle" time="0.019"/>
  <system-out/>
  <testcase classname="test.LoginTest" name="verifyTitleOfLoginPage" time="2.953"/>
  <system-out/>
  <testcase classname="test.LoginTest" name="verifyUrlOfloginPage" time="0.011"/>
  <system-out/>
  <testcase classname="test.LoginTest" name="verifyLoginWithCorrectCredentials" time="2.038"/>
  <system-out/>
</testsuite> <!-- test.LoginTest -->
